C251 COMPILER V5.60.0,  isr                                                                07/04/24  10:34:11  PAGE 1   


C251 COMPILER V5.60.0, COMPILATION OF MODULE isr
OBJECT MODULE PLACED IN .\Objects\isr.obj
COMPILER INVOKED BY: C:\keil5(c251)\C251\BIN\C251.EXE Objects\isr.c INTR2 BROWSE DEBUG PRINT(.\Listings\isr.lst) TABS(2)
                    - OBJECT(.\Objects\isr.obj) 

stmt  level    source

    1          /********************************************************************************************************
             -*************
    2           * COPYRIGHT NOTICE
    3           * Copyright (c) 2020,逐飞科技
    4           * All rights reserved.
    5           * 技术讨论QQ群：一群：179029047(已满)  二群：244861897(已满)  三群：824575535
    6           *
    7           * 以下所有内容版权均属逐飞科技所有，未经允许不得用于商业用途，
    8           * 欢迎各位使用并传播本程序，修改内容时必须保留逐飞科技的版权声明。
    9           *
   10           * @file            isr
   11           * @company         成都逐飞科技有限公司
   12           * @author          逐飞科技(QQ790875685)
   13           * @version         查看doc内version文件 版本说明
   14           * @Software        MounRiver Studio V1.3
   15           * @Target core     CH32V103R8T6
   16           * @Taobao          https://seekfree.taobao.com/
   17           * @date            2020-12-04
   18           ********************************************************************************************************
             -************/
   19          
   20          #include "isr.h"
   21          #include "headfile.h"
*** ERROR C318 IN LINE 21 OF Objects\isr.c: can't open file 'headfile.h'
   22          
   23          
   24          
   25          void NMI_Handler(void) __attribute__((interrupt("WCH-Interrupt-fast")));
*** ERROR C25 IN LINE 25 OF Objects\isr.c: syntax error near 'interrupt'
*** ERROR C25 IN LINE 25 OF Objects\isr.c: syntax error near '"string"'
   26          void HardFault_Handler(void) __attribute__((interrupt("WCH-Interrupt-fast")));
*** ERROR C25 IN LINE 26 OF Objects\isr.c: syntax error near 'interrupt'
*** ERROR C25 IN LINE 26 OF Objects\isr.c: syntax error near '"string"'
   27          void EXTI0_IRQHandler(void) __attribute__((interrupt("WCH-Interrupt-fast")));
*** ERROR C25 IN LINE 27 OF Objects\isr.c: syntax error near 'interrupt'
*** ERROR C25 IN LINE 27 OF Objects\isr.c: syntax error near '"string"'
   28          void EXTI1_IRQHandler(void) __attribute__((interrupt("WCH-Interrupt-fast")));
*** ERROR C25 IN LINE 28 OF Objects\isr.c: syntax error near 'interrupt'
*** ERROR C25 IN LINE 28 OF Objects\isr.c: syntax error near '"string"'
   29          void EXTI2_IRQHandler(void) __attribute__((interrupt("WCH-Interrupt-fast")));
*** ERROR C25 IN LINE 29 OF Objects\isr.c: syntax error near 'interrupt'
*** ERROR C25 IN LINE 29 OF Objects\isr.c: syntax error near '"string"'
   30          void EXTI3_IRQHandler(void) __attribute__((interrupt("WCH-Interrupt-fast")));
*** ERROR C25 IN LINE 30 OF Objects\isr.c: syntax error near 'interrupt'
*** ERROR C7 IN LINE 30 OF Objects\isr.c: compilation aborted

C251 COMPILATION COMPLETE.  0 WARNING(S),  13 ERROR(S)
