C251 COMPILER V5.60.0,  main                                                               07/04/24  10:34:10  PAGE 1   


C251 COMPILER V5.60.0, COMPILATION OF MODULE main
OBJECT MODULE PLACED IN .\Objects\main.obj
COMPILER INVOKED BY: C:\keil5(c251)\C251\BIN\C251.EXE Objects\main.c INTR2 BROWSE DEBUG PRINT(.\Listings\main.lst) TABS(
                    -2) OBJECT(.\Objects\main.obj) 

stmt  level    source

    1          /********************************************************************************************************
             -*************
    2           * COPYRIGHT NOTICE
    3           * Copyright (c) 2020,逐飞科技
    4           * All rights reserved.
    5           * 技术讨论QQ群：一群：179029047(已满)  二群：244861897(已满)  三群：824575535
    6           *
    7           * 以下所有内容版权均属逐飞科技所有，未经允许不得用于商业用途，
    8           * 欢迎各位使用并传播本程序，修改内容时必须保留逐飞科技的版权声明。
    9           *
   10           * @file            main
   11           * @company         成都逐飞科技有限公司
   12           * @author          逐飞科技(QQ790875685)
   13           * @version         查看doc内version文件 版本说明
   14           * @Software        MounRiver Studio V1.3
   15           * @Target core     CH32V103R8T6
   16           * @Taobao          https://seekfree.taobao.com/
   17           * @date            2020-12-04
   18           ********************************************************************************************************
             -************/
   19          //整套推荐IO查看Projecct文件夹下的TXT文本
   20          
   21          //打开新的工程或者工程移动了位置务必执行以下操作
   22          //右键单击工程，选择刷新
   23          
   24          
   25          
   26          #include "headfile.h"
*** ERROR C318 IN LINE 26 OF Objects\main.c: can't open file 'headfile.h'
   27          
   28          //HALL_PIN引脚定义在headfile.h中
   29          //具体代码在isr.c中,中断为1ms一次
   30          //霍尔起跑检测模块在遇到磁铁时输出低电平,其他时候输出高电平
   31          //每1ms检测一次电平信号,如果为低电平对hall_detection_count进行计数，连续三次低电平后会将hall_detection_fl
             -ag变量等于1，计数防止误判
   32          uint8 hall_detection_flag = 0;
*** ERROR C142 IN LINE 32 OF Objects\main.c: illegal initialization
   33          
   34          int main(void)
   35          {
*** ERROR C42 IN LINE 35 OF Objects\main.c: 'main': not in formal parameter list
*** ERROR C25 IN LINE 35 OF Objects\main.c: syntax error near '{'
   36              DisableGlobalIRQ();
   37              board_init();   //务必保留，本函数用于初始化MPU 时钟 调试串口
   38          
   39              lcd_init();
   40              gpio_init(HALL_PIN, GPI, 0, GPIO_PIN_CONFIG);  //霍尔引脚初始化
   41              timer_pit_interrupt_ms(TIMER_2, 1);   //初始化1ms中断
   42          
   43              EnableGlobalIRQ(0);
   44              while(1)
   45              {
   46                  lcd_showstr(0, 1, "HALL_State:");
   47                  lcd_showuint8(12 * 8, 1, hall_detection_flag);
   48              }
   49          }
   50          
   51          
C251 COMPILER V5.60.0,  main                                                               07/04/24  10:34:10  PAGE 2   

   52          
   53          
*** ERROR C7 IN LINE 53 OF Objects\main.c: compilation aborted

C251 COMPILATION COMPLETE.  0 WARNING(S),  5 ERROR(S)
