C251 COMPILER V5.60.0,  park                                                               25/05/24  09:55:38  PAGE 1   


C251 COMPILER V5.60.0, COMPILATION OF MODULE park
OBJECT MODULE PLACED IN .\Out_File\park.obj
COMPILER INVOKED BY: E:\keil5\C251\BIN\C251.EXE ..\USER\src\park.c XSMALL INTR2 ROM(HUGE) WARNINGLEVEL(3) BROWSE INCDIR(
                    -..\..\Libraries\libraries;..\..\Libraries\seekfree_libraries;..\..\Libraries\seekfree_peripheral;..\CODE;..\USER\inc;..\
                    -USER\src) DEBUG PRINT(.\Out_File\park.lst) OBJECT(.\Out_File\park.obj) 

stmt  level    source

    1          #include "park.h"
    2          
    3          int8   flag_start           = 0;    //出库完成标志位
    4          int8   flag_open_reed       = 0;    //打开干簧管
    5          int8   reed_state           = 0;    //干簧管状态
    6          int8   flag_end             = 0;    //开始停车标志位
    7          uint16 T_outku              = 0;    //出库直走和打角定时
    8          
    9          /*****************************************出库函数***************************************
   10          函数：  void Handle_Barn_Out(uint8 type) 
   11          参数：  type-----1为左出库，2为右出库
   12          说明：  出库函数
   13          
   14          *注意：调用此函数后执行出库操作，直走的时间和打角时间及占空比按需自己修改调试
   15          返回值：无   
   16          ******************************************************************************************/
   17          void Handle_Barn_Out(uint8 type)
   18          {//1为左出库，2为右出库
   19   1          if(type ==1)
   20   1          {
   21   2                       if(!flag_start)
   22   2                       {
   23   3                               //pwm_duty(PWMB_CH1_P74,STEER_MID);              //（C车用）
   24   3                               go_motor(2000, 2000);
   25   3                               if (T_outku >= T_OUT_PARK1) 
   26   3                               {
   27   4                                       //pwm_duty(PWMB_CH1_P74,STEER_MID+STEER_LIM);  //（C车用）
   28   4                                       go_motor(0, 2500);
   29   4                               }
   30   3                               if(T_outku > T_OUT_PARK2)
   31   3                               {
   32   4                                        flag_start = 1;
   33   4                                        //T_outku=0;
   34   4                               }              
   35   3                        }     
   36   2                }
   37   1                      if(type ==2)
   38   1          {
   39   2                              if(!flag_start)
   40   2                              {
   41   3                                      //pwm_duty(PWMB_CH1_P74,STEER_MID);            //（C车用）
   42   3                               go_motor(2000, 2000);
   43   3                               if (T_outku >= T_OUT_PARK1) 
   44   3                               {
   45   4                                       //pwm_duty(PWMB_CH1_P74,STEER_MID+STEER_LIM); //（C车用）
   46   4                                       go_motor(2500, 0);
   47   4                               }
   48   3                               if(T_outku > T_OUT_PARK2)
   49   3                               {
   50   4                                        flag_start = 1;
   51   4                                        //T_outku=0;
   52   4                               }                                                                                                                      
   53   3                              }
   54   2          }
   55   1      }
   56          /*****************************************干簧管检测停车***************************************
   57          函数：  void Reed(void) 
C251 COMPILER V5.60.0,  park                                                               25/05/24  09:55:38  PAGE 2   

   58          参数：  void
   59          说明：  干簧管检测停车
   60          
   61          *注意： 干簧管使用方法就和按键类似，通过读取IO口电平即可
   62          返回值：void  
   63          *********************************************************************************************/
   64          void Reed(void)
   65          {
   66   1              if(flag_start)//开始时不开启干簧管检测，防止出库时误测
   67   1              {
   68   2                      //走过一段距离后开启干簧管检测
   69   2                      if(Open_pack_time > START_T)
   70   2                      {
   71   3                              flag_open_reed = 1;
   72   3                              Open_pack_time=0;
   73   3                      }
   74   2              }
   75   1              if(flag_open_reed)             //干簧管检测标志位成立后才开始检测
   76   1              {
   77   2                      reed_state = Reed_Switch_Pin;//干簧管状态
   78   2                      if(reed_state==0)
   79   2                      {
   80   3                              flag_end = 1;              //识别到停车标志位开启
   81   3                      }
   82   2               }
   83   1      }
   84          /*****************************************入库函数***************************************
   85          函数：  void Reed(void) 
   86          参数：  void
   87          说明：  入库函数
   88          
   89          *注意： 目前只是检测到斑马线进行停车操作，还没有写倒车入库，后续马上调试更新
   90          返回值：void  
   91          *********************************************************************************************/
   92          void In_park(uint8 type)
   93          {
   94   1              if(type ==1)
   95   1        {
   96   2                      if(flag_end)
   97   2                      {
   98   3                               aim_speed = 0;
   99   3                               go_motor(0,0);
  100   3                      }
  101   2       }
  102   1              if(type ==2)
  103   1        {
  104   2                      if(flag_end==1)
  105   2                      {
  106   3                               aim_speed = 0;
  107   3                               go_motor(0,0);
  108   3                      }
  109   2       }
  110   1      }
*** WARNING C177 IN LINE 80 OF ..\USER\src\park.c: unreachable code


Module Information          Static   Overlayable
------------------------------------------------
  code size            =    ------     ------
  ecode size           =       216     ------
  data size            =    ------     ------
  idata size           =    ------     ------
  pdata size           =    ------     ------
  xdata size           =    ------     ------
  xdata-const size     =    ------     ------
  edata size           =         6     ------
  bit size             =    ------     ------
C251 COMPILER V5.60.0,  park                                                               25/05/24  09:55:38  PAGE 3   

  ebit size            =    ------     ------
  bitaddressable size  =    ------     ------
  ebitaddressable size =    ------     ------
  far data size        =    ------     ------
  huge data size       =    ------     ------
  const size           =    ------     ------
  hconst size          =        26     ------
End of Module Information.


C251 COMPILATION COMPLETE.  1 WARNING(S),  0 ERROR(S)
